nohup: ignorando entrada
- ....
- Help Keep This Project Going! Know more: https://github.com/orkestral/venom/blob/master/docs/getting-started/donate.md
- Help Keep This Project Going! Know more: https://github.com/orkestral/venom/blob/master/docs/getting-started/donate.md
- check nodeJs version...
- Help Keep This Project Going! Know more: https://github.com/orkestral/venom/blob/master/docs/getting-started/donate.md
- Node.js version verified successfully!
Servidor rodando na porta 4000
You're up to date 🎉🎉🎉
Status Session:  initBrowser
Session name:  API-ZAP
- Help Keep This Project Going! Know more: https://github.com/orkestral/venom/blob/master/docs/getting-started/donate.md
- Node.js version verified successfully!
- Waiting... checking the browser...
- Help Keep This Project Going! Know more: https://github.com/orkestral/venom/blob/master/docs/getting-started/donate.md
- Node.js version verified successfully!
- Waiting... checking the browser...
- ...
- Help Keep This Project Going! Know more: https://github.com/orkestral/venom/blob/master/docs/getting-started/donate.md
- Node.js version verified successfully!
- Waiting... checking the browser...
- Executable path browser: /usr/bin/google-chrome-stable
- Help Keep This Project Going! Know more: https://github.com/orkestral/venom/blob/master/docs/getting-started/donate.md
- Node.js version verified successfully!
- Waiting... checking the browser...
- Executable path browser: /usr/bin/google-chrome-stable
- ...
- Help Keep This Project Going! Know more: https://github.com/orkestral/venom/blob/master/docs/getting-started/donate.md
- Node.js version verified successfully!
- Waiting... checking the browser...
- Executable path browser: /usr/bin/google-chrome-stable
- Platform: linux
- Help Keep This Project Going! Know more: https://github.com/orkestral/venom/blob/master/docs/getting-started/donate.md
- Node.js version verified successfully!
- Waiting... checking the browser...
- Executable path browser: /usr/bin/google-chrome-stable
- Platform: linux
- ...
- Help Keep This Project Going! Know more: https://github.com/orkestral/venom/blob/master/docs/getting-started/donate.md
- Node.js version verified successfully!
- Waiting... checking the browser...
- Executable path browser: /usr/bin/google-chrome-stable
- Platform: linux
- Browser Version: 129.0.6668.70
- Help Keep This Project Going! Know more: https://github.com/orkestral/venom/blob/master/docs/getting-started/donate.md
- Node.js version verified successfully!
- Waiting... checking the browser...
- Executable path browser: /usr/bin/google-chrome-stable
- Platform: linux
- Browser Version: 129.0.6668.70
- ...
- Help Keep This Project Going! Know more: https://github.com/orkestral/venom/blob/master/docs/getting-started/donate.md
- Node.js version verified successfully!
- Waiting... checking the browser...
- Executable path browser: /usr/bin/google-chrome-stable
- Platform: linux
- Browser Version: 129.0.6668.70
- Path Stored "SingletonLock": /home/joao/Projetos/node/apiwhats/api/tokens/API-ZAP/SingletonLock
- Help Keep This Project Going! Know more: https://github.com/orkestral/venom/blob/master/docs/getting-started/donate.md
- Node.js version verified successfully!
- Waiting... checking the browser...
- Executable path browser: /usr/bin/google-chrome-stable
- Platform: linux
- Browser Version: 129.0.6668.70
- Path Stored "SingletonLock": /home/joao/Projetos/node/apiwhats/api/tokens/API-ZAP/SingletonLock
- checking SingletonLock file
- Help Keep This Project Going! Know more: https://github.com/orkestral/venom/blob/master/docs/getting-started/donate.md
- Node.js version verified successfully!
- Waiting... checking the browser...
- Executable path browser: /usr/bin/google-chrome-stable
- Platform: linux
- Browser Version: 129.0.6668.70
- Path Stored "SingletonLock": /home/joao/Projetos/node/apiwhats/api/tokens/API-ZAP/SingletonLock
- The file "SingletonLock" was not found
Status Session:  openBrowser
Session name:  API-ZAP
- Help Keep This Project Going! Know more: https://github.com/orkestral/venom/blob/master/docs/getting-started/donate.md
- Node.js version verified successfully!
- Browser successfully opened
- Executable path browser: /usr/bin/google-chrome-stable
- Platform: linux
- Browser Version: 129.0.6668.70
- Path Stored "SingletonLock": /home/joao/Projetos/node/apiwhats/api/tokens/API-ZAP/SingletonLock
- The file "SingletonLock" was not found
- Help Keep This Project Going! Know more: https://github.com/orkestral/venom/blob/master/docs/getting-started/donate.md
- Node.js version verified successfully!
- checking headless...
- Executable path browser: /usr/bin/google-chrome-stable
- Platform: linux
- Browser Version: 129.0.6668.70
- Path Stored "SingletonLock": /home/joao/Projetos/node/apiwhats/api/tokens/API-ZAP/SingletonLock
- The file "SingletonLock" was not found
- Help Keep This Project Going! Know more: https://github.com/orkestral/venom/blob/master/docs/getting-started/donate.md
- Node.js version verified successfully!
- headless option is active, browser hidden
- Executable path browser: /usr/bin/google-chrome-stable
- Platform: linux
- Browser Version: 129.0.6668.70
- Path Stored "SingletonLock": /home/joao/Projetos/node/apiwhats/api/tokens/API-ZAP/SingletonLock
- The file "SingletonLock" was not found
- Help Keep This Project Going! Know more: https://github.com/orkestral/venom/blob/master/docs/getting-started/donate.md
- Node.js version verified successfully!
- headless option is active, browser hidden
- Executable path browser: /usr/bin/google-chrome-stable
- Platform: linux
- Browser Version: 129.0.6668.70
- Path Stored "SingletonLock": /home/joao/Projetos/node/apiwhats/api/tokens/API-ZAP/SingletonLock
- The file "SingletonLock" was not found
- Checking page to whatzapp...
Status Session:  initWhatsapp
Session name:  API-ZAP
Status Session:  successPageWhatsapp
Session name:  API-ZAP
- Help Keep This Project Going! Know more: https://github.com/orkestral/venom/blob/master/docs/getting-started/donate.md
- Node.js version verified successfully!
- headless option is active, browser hidden
- Executable path browser: /usr/bin/google-chrome-stable
- Platform: linux
- Browser Version: 129.0.6668.70
- Path Stored "SingletonLock": /home/joao/Projetos/node/apiwhats/api/tokens/API-ZAP/SingletonLock
- The file "SingletonLock" was not found
- Page successfully accessed
- Help Keep This Project Going! Know more: https://github.com/orkestral/venom/blob/master/docs/getting-started/donate.md
- Node.js version verified successfully!
- headless option is active, browser hidden
- Executable path browser: /usr/bin/google-chrome-stable
- Platform: linux
- Browser Version: 129.0.6668.70
- Path Stored "SingletonLock": /home/joao/Projetos/node/apiwhats/api/tokens/API-ZAP/SingletonLock
- The file "SingletonLock" was not found
- Page successfully accessed
- waiting for introduction
- Help Keep This Project Going! Know more: https://github.com/orkestral/venom/blob/master/docs/getting-started/donate.md
- Node.js version verified successfully!
- headless option is active, browser hidden
- Executable path browser: /usr/bin/google-chrome-stable
- Platform: linux
- Browser Version: 129.0.6668.70
- Path Stored "SingletonLock": /home/joao/Projetos/node/apiwhats/api/tokens/API-ZAP/SingletonLock
- The file "SingletonLock" was not found
- Page successfully accessed
- waiting for introduction
- [instance: API-ZAP]: Waiting page load
- Help Keep This Project Going! Know more: https://github.com/orkestral/venom/blob/master/docs/getting-started/donate.md
- Node.js version verified successfully!
- headless option is active, browser hidden
- Executable path browser: /usr/bin/google-chrome-stable
- Platform: linux
- Browser Version: 129.0.6668.70
- Path Stored "SingletonLock": /home/joao/Projetos/node/apiwhats/api/tokens/API-ZAP/SingletonLock
- The file "SingletonLock" was not found
- Page successfully accessed
- waiting for introduction
- [instance: API-ZAP]: Checking is logged...
- Help Keep This Project Going! Know more: https://github.com/orkestral/venom/blob/master/docs/getting-started/donate.md
- Node.js version verified successfully!
- headless option is active, browser hidden
- Executable path browser: /usr/bin/google-chrome-stable
- Platform: linux
- Browser Version: 129.0.6668.70
- Path Stored "SingletonLock": /home/joao/Projetos/node/apiwhats/api/tokens/API-ZAP/SingletonLock
- The file "SingletonLock" was not found
- Page successfully accessed
- waiting for introduction
- [instance: API-ZAP]: Authenticated
Status Session:  isLogged
Session name:  API-ZAP
- Help Keep This Project Going! Know more: https://github.com/orkestral/venom/blob/master/docs/getting-started/donate.md
- Node.js version verified successfully!
- headless option is active, browser hidden
- Executable path browser: /usr/bin/google-chrome-stable
- Platform: linux
- Browser Version: 129.0.6668.70
- Path Stored "SingletonLock": /home/joao/Projetos/node/apiwhats/api/tokens/API-ZAP/SingletonLock
- The file "SingletonLock" was not found
- Page successfully accessed
- waiting for introduction
- [instance: API-ZAP]: Checking phone is connected...
- Help Keep This Project Going! Know more: https://github.com/orkestral/venom/blob/master/docs/getting-started/donate.md
- Node.js version verified successfully!
- headless option is active, browser hidden
- Executable path browser: /usr/bin/google-chrome-stable
- Platform: linux
- Browser Version: 129.0.6668.70
- Path Stored "SingletonLock": /home/joao/Projetos/node/apiwhats/api/tokens/API-ZAP/SingletonLock
- The file "SingletonLock" was not found
- Page successfully accessed
- waiting for introduction
- [instance: API-ZAP]: Checking phone is connected...
- opening main page...
- Help Keep This Project Going! Know more: https://github.com/orkestral/venom/blob/master/docs/getting-started/donate.md
- Node.js version verified successfully!
- headless option is active, browser hidden
- Executable path browser: /usr/bin/google-chrome-stable
- Platform: linux
- Browser Version: 129.0.6668.70
- Path Stored "SingletonLock": /home/joao/Projetos/node/apiwhats/api/tokens/API-ZAP/SingletonLock
- The file "SingletonLock" was not found
- Page successfully accessed
- waiting for introduction
- [instance: API-ZAP]: Checking phone is connected...
- Successfully main page!
- Help Keep This Project Going! Know more: https://github.com/orkestral/venom/blob/master/docs/getting-started/donate.md
- Node.js version verified successfully!
- headless option is active, browser hidden
- Executable path browser: /usr/bin/google-chrome-stable
- Platform: linux
- Browser Version: 129.0.6668.70
- Path Stored "SingletonLock": /home/joao/Projetos/node/apiwhats/api/tokens/API-ZAP/SingletonLock
- The file "SingletonLock" was not found
- Page successfully accessed
- Successfully connected!
- [instance: API-ZAP]: Checking phone is connected...
- Successfully main page!
- Help Keep This Project Going! Know more: https://github.com/orkestral/venom/blob/master/docs/getting-started/donate.md
- Node.js version verified successfully!
- headless option is active, browser hidden
- Executable path browser: /usr/bin/google-chrome-stable
- Platform: linux
- Browser Version: 129.0.6668.70
- Path Stored "SingletonLock": /home/joao/Projetos/node/apiwhats/api/tokens/API-ZAP/SingletonLock
- The file "SingletonLock" was not found
- Page successfully accessed
- Successfully connected!
- [instance: API-ZAP]: Connected
- Successfully main page!
Status Session:  waitForLogin
Session name:  API-ZAP
Status Session:  waitChat
Session name:  API-ZAP
- Help Keep This Project Going! Know more: https://github.com/orkestral/venom/blob/master/docs/getting-started/donate.md
- Node.js version verified successfully!
- headless option is active, browser hidden
- Executable path browser: /usr/bin/google-chrome-stable
- Platform: linux
- Browser Version: 129.0.6668.70
- Path Stored "SingletonLock": /home/joao/Projetos/node/apiwhats/api/tokens/API-ZAP/SingletonLock
- The file "SingletonLock" was not found
- Page successfully accessed
- Successfully connected!
- [instance: API-ZAP]: Connected
- Successfully main page!
Status Session:  successChat
Session name:  API-ZAP
Recebendo solicitação:  {}
Recebendo solicitação:  {}
Recebendo solicitação:  {}
Recebendo solicitação:  {}
Recebendo solicitação:  {}
Recebendo solicitação:  {}
Recebendo solicitação:  {}
Recebendo solicitação:  {}
Recebendo solicitação:  {}
Recebendo solicitação:  {}
Recebendo solicitação:  {}
Recebendo solicitação:  {}
Recebendo solicitação:  {}
Recebendo solicitação:  {}
Recebendo solicitação:  {}
Recebendo solicitação:  {}
Recebendo solicitação:  {}
Recebendo solicitação:  {}
Recebendo solicitação:  {}
Recebendo solicitação:  {}
Recebendo solicitação:  {}
Recebendo solicitação:  {}
Recebendo solicitação:  {}
Recebendo solicitação:  {}
Recebendo solicitação:  {}
Recebendo solicitação:  {}
Recebendo solicitação:  {}
